INFO:     Will watch for changes in these directories: ['/home/ubuntu/12022025/elaoms']
INFO:     Uvicorn running on http://0.0.0.0:8000 (Press CTRL+C to quit)
INFO:     Started reloader process [602160] using StatReload
INFO:     Started server process [602163]
INFO:     Waiting for application startup.
2025-12-07 15:16:43,496 - app.main - INFO - Starting ElevenLabs OpenMemory Integration...
2025-12-07 15:16:43,497 - app.main - INFO - Configuration validated successfully
INFO:     Application startup complete.
INFO:     127.0.0.1:54844 - "GET /health HTTP/1.1" 200 OK
2025-12-07 15:16:47,205 - app.webhooks.client_data - INFO - Client-data webhook called for caller: +16129782029
2025-12-07 15:16:47,251 - httpx - INFO - HTTP Request: GET http://localhost:8080/users/%2B16129782029/summary "HTTP/1.1 200 OK"
2025-12-07 15:16:47,366 - httpx - INFO - HTTP Request: POST http://localhost:8080/memory/query "HTTP/1.1 200 OK"
2025-12-07 15:16:47,367 - app.webhooks.client_data - INFO - Found profile for caller +16129782029: Stefan
2025-12-07 15:16:47,367 - app.webhooks.client_data - INFO - Returning client-data response: {'dynamic_variables': {'user_name': 'Stefan', 'user_profile_summary': 'User name is Stefan...', 'last_call_summary': 'Last time we talked about: Key Life Event: The user took a road trip to California in the 1950s, before high school. He remembers going through the mountains and the desert.'}, 'conversation_config_override': {'agent': {'first_message': "Hello Stefan, it's Margaret. Welcome back! Last time you shared about User name is Stefan.... I'd love to continue that story - what feels right to explore today?"}}}
INFO:     127.0.0.1:54858 - "POST /webhook/client-data HTTP/1.1" 200 OK
2025-12-07 15:17:12,439 - app.webhooks.client_data - INFO - Client-data webhook called for caller: +15551112222
2025-12-07 15:17:12,459 - httpx - INFO - HTTP Request: GET http://localhost:8080/users/%2B15551112222/summary "HTTP/1.1 404 Not Found"
2025-12-07 15:17:12,459 - app.memory.profiles - INFO - No profile found for user +15551112222
2025-12-07 15:17:12,459 - app.webhooks.client_data - INFO - No profile found for new caller +15551112222
2025-12-07 15:17:12,459 - app.webhooks.client_data - INFO - Returning client-data response: {'dynamic_variables': {}}
INFO:     127.0.0.1:58450 - "POST /webhook/client-data HTTP/1.1" 200 OK
2025-12-07 15:17:19,953 - app.webhooks.client_data - INFO - Client-data webhook called for caller: +16124833213
2025-12-07 15:17:19,975 - httpx - INFO - HTTP Request: GET http://localhost:8080/users/%2B16124833213/summary "HTTP/1.1 200 OK"
2025-12-07 15:17:20,069 - httpx - INFO - HTTP Request: POST http://localhost:8080/memory/query "HTTP/1.1 200 OK"
2025-12-07 15:17:20,070 - app.webhooks.client_data - INFO - Found profile for caller +16124833213: None
2025-12-07 15:17:20,070 - app.webhooks.client_data - INFO - Returning client-data response: {'dynamic_variables': {'user_profile_summary': 'Session Date: 2025-07-14T15:11:31+00:00...'}, 'conversation_config_override': {'agent': {'first_message': "Hello, it's Margaret. Welcome back! Last time you shared about Session Date: 2025-07-14T15:11:31+00:00... - I'd love to hear more. By the way, I don't think I caught your name last time?"}}}
INFO:     127.0.0.1:50642 - "POST /webhook/client-data HTTP/1.1" 200 OK
WARNING:  StatReload detected changes in 'app/memory/profiles.py'. Reloading...
INFO:     Shutting down
INFO:     Waiting for application shutdown.
2025-12-07 15:17:36,014 - app.main - INFO - Shutting down ElevenLabs OpenMemory Integration...
INFO:     Application shutdown complete.
INFO:     Finished server process [602163]
INFO:     Started server process [603087]
INFO:     Waiting for application startup.
2025-12-07 15:17:36,453 - app.main - INFO - Starting ElevenLabs OpenMemory Integration...
2025-12-07 15:17:36,454 - app.main - INFO - Configuration validated successfully
INFO:     Application startup complete.
2025-12-07 15:17:40,336 - app.webhooks.client_data - INFO - Client-data webhook called for caller: +16124833213
2025-12-07 15:17:40,369 - httpx - INFO - HTTP Request: GET http://localhost:8080/users/%2B16124833213/summary "HTTP/1.1 200 OK"
2025-12-07 15:17:40,390 - httpx - INFO - HTTP Request: POST http://localhost:8080/memory/query "HTTP/1.1 200 OK"
2025-12-07 15:17:40,390 - app.webhooks.client_data - INFO - Found profile for caller +16124833213: None
2025-12-07 15:17:40,390 - app.webhooks.client_data - INFO - Returning client-data response: {'dynamic_variables': {}, 'conversation_config_override': {'agent': {'first_message': "Hello, it's Margaret. Welcome back - it's lovely to hear from you again. Before we continue, I don't think I caught your name last time?"}}}
INFO:     127.0.0.1:34906 - "POST /webhook/client-data HTTP/1.1" 200 OK
2025-12-07 15:17:45,614 - app.webhooks.client_data - INFO - Client-data webhook called for caller: +16129782029
2025-12-07 15:17:45,634 - httpx - INFO - HTTP Request: GET http://localhost:8080/users/%2B16129782029/summary "HTTP/1.1 200 OK"
2025-12-07 15:17:45,656 - httpx - INFO - HTTP Request: POST http://localhost:8080/memory/query "HTTP/1.1 200 OK"
2025-12-07 15:17:45,657 - app.webhooks.client_data - INFO - Found profile for caller +16129782029: Stefan
2025-12-07 15:17:45,657 - app.webhooks.client_data - INFO - Returning client-data response: {'dynamic_variables': {'user_name': 'Stefan', 'last_call_summary': 'Last time we talked about: Key Life Event: The user took a road trip to California in the 1950s, before high school. He remembers going through the mountains and the desert.'}, 'conversation_config_override': {'agent': {'first_message': "Hello Stefan, it's Margaret again. It's so good to hear your voice. I'm looking forward to continuing our journey through your life stories. What would you like to share today?"}}}
INFO:     127.0.0.1:35128 - "POST /webhook/client-data HTTP/1.1" 200 OK
WARNING:  StatReload detected changes in 'app/auth/hmac.py'. Reloading...
INFO:     Shutting down
INFO:     Waiting for application shutdown.
2025-12-07 16:32:36,531 - app.main - INFO - Shutting down ElevenLabs OpenMemory Integration...
INFO:     Application shutdown complete.
INFO:     Finished server process [603087]
INFO:     Started server process [624014]
INFO:     Waiting for application startup.
2025-12-07 16:32:36,981 - app.main - INFO - Starting ElevenLabs OpenMemory Integration...
2025-12-07 16:32:36,982 - app.main - INFO - Configuration validated successfully
INFO:     Application startup complete.
WARNING:  StatReload detected changes in 'app/auth/__init__.py'. Reloading...
INFO:     Shutting down
INFO:     Waiting for application shutdown.
2025-12-07 16:32:44,441 - app.main - INFO - Shutting down ElevenLabs OpenMemory Integration...
INFO:     Application shutdown complete.
INFO:     Finished server process [624014]
INFO:     Started server process [624086]
INFO:     Waiting for application startup.
2025-12-07 16:32:44,874 - app.main - INFO - Starting ElevenLabs OpenMemory Integration...
2025-12-07 16:32:44,875 - app.main - INFO - Configuration validated successfully
INFO:     Application startup complete.
WARNING:  StatReload detected changes in 'app/webhooks/client_data.py'. Reloading...
INFO:     Shutting down
INFO:     Waiting for application shutdown.
2025-12-07 16:32:58,864 - app.main - INFO - Shutting down ElevenLabs OpenMemory Integration...
INFO:     Application shutdown complete.
INFO:     Finished server process [624086]
INFO:     Started server process [624158]
INFO:     Waiting for application startup.
2025-12-07 16:32:59,290 - app.main - INFO - Starting ElevenLabs OpenMemory Integration...
2025-12-07 16:32:59,291 - app.main - INFO - Configuration validated successfully
INFO:     Application startup complete.
WARNING:  StatReload detected changes in 'app/webhooks/client_data.py'. Reloading...
INFO:     Shutting down
INFO:     Waiting for application shutdown.
2025-12-07 16:33:04,617 - app.main - INFO - Shutting down ElevenLabs OpenMemory Integration...
INFO:     Application shutdown complete.
INFO:     Finished server process [624158]
INFO:     Started server process [624199]
INFO:     Waiting for application startup.
2025-12-07 16:33:05,117 - app.main - INFO - Starting ElevenLabs OpenMemory Integration...
2025-12-07 16:33:05,118 - app.main - INFO - Configuration validated successfully
INFO:     Application startup complete.
WARNING:  StatReload detected changes in 'app/webhooks/client_data.py'. Reloading...
INFO:     Shutting down
INFO:     Waiting for application shutdown.
2025-12-07 16:33:09,519 - app.main - INFO - Shutting down ElevenLabs OpenMemory Integration...
INFO:     Application shutdown complete.
INFO:     Finished server process [624199]
INFO:     Started server process [624252]
INFO:     Waiting for application startup.
2025-12-07 16:33:09,975 - app.main - INFO - Starting ElevenLabs OpenMemory Integration...
2025-12-07 16:33:09,977 - app.main - INFO - Configuration validated successfully
INFO:     Application startup complete.
WARNING:  StatReload detected changes in 'tests/test_auth.py'. Reloading...
INFO:     Shutting down
INFO:     Waiting for application shutdown.
2025-12-07 16:33:22,624 - app.main - INFO - Shutting down ElevenLabs OpenMemory Integration...
INFO:     Application shutdown complete.
INFO:     Finished server process [624252]
INFO:     Started server process [624327]
INFO:     Waiting for application startup.
2025-12-07 16:33:23,089 - app.main - INFO - Starting ElevenLabs OpenMemory Integration...
2025-12-07 16:33:23,090 - app.main - INFO - Configuration validated successfully
INFO:     Application startup complete.
WARNING:  StatReload detected changes in 'tests/test_auth.py'. Reloading...
INFO:     Shutting down
INFO:     Waiting for application shutdown.
2025-12-07 16:33:40,573 - app.main - INFO - Shutting down ElevenLabs OpenMemory Integration...
INFO:     Application shutdown complete.
INFO:     Finished server process [624327]
INFO:     Started server process [624427]
INFO:     Waiting for application startup.
2025-12-07 16:33:41,015 - app.main - INFO - Starting ElevenLabs OpenMemory Integration...
2025-12-07 16:33:41,016 - app.main - INFO - Configuration validated successfully
INFO:     Application startup complete.
WARNING:  StatReload detected changes in 'tests/test_webhooks.py'. Reloading...
INFO:     Shutting down
INFO:     Waiting for application shutdown.
2025-12-07 16:34:25,971 - app.main - INFO - Shutting down ElevenLabs OpenMemory Integration...
INFO:     Application shutdown complete.
INFO:     Finished server process [624427]
INFO:     Started server process [624772]
INFO:     Waiting for application startup.
2025-12-07 16:34:26,424 - app.main - INFO - Starting ElevenLabs OpenMemory Integration...
2025-12-07 16:34:26,425 - app.main - INFO - Configuration validated successfully
INFO:     Application startup complete.
WARNING:  StatReload detected changes in 'tests/test_webhooks.py'. Reloading...
INFO:     Shutting down
INFO:     Waiting for application shutdown.
2025-12-07 16:34:32,951 - app.main - INFO - Shutting down ElevenLabs OpenMemory Integration...
INFO:     Application shutdown complete.
INFO:     Finished server process [624772]
INFO:     Started server process [624832]
INFO:     Waiting for application startup.
2025-12-07 16:34:34,744 - app.main - INFO - Starting ElevenLabs OpenMemory Integration...
2025-12-07 16:34:34,745 - app.main - INFO - Configuration validated successfully
INFO:     Application startup complete.
WARNING:  StatReload detected changes in 'tests/test_webhooks.py'. Reloading...
INFO:     Shutting down
INFO:     Waiting for application shutdown.
2025-12-07 16:34:43,186 - app.main - INFO - Shutting down ElevenLabs OpenMemory Integration...
INFO:     Application shutdown complete.
INFO:     Finished server process [624832]
INFO:     Started server process [624951]
INFO:     Waiting for application startup.
2025-12-07 16:34:43,624 - app.main - INFO - Starting ElevenLabs OpenMemory Integration...
2025-12-07 16:34:43,625 - app.main - INFO - Configuration validated successfully
INFO:     Application startup complete.
WARNING:  StatReload detected changes in 'tests/test_webhooks.py'. Reloading...
INFO:     Shutting down
INFO:     Waiting for application shutdown.
2025-12-07 16:34:48,779 - app.main - INFO - Shutting down ElevenLabs OpenMemory Integration...
INFO:     Application shutdown complete.
INFO:     Finished server process [624951]
INFO:     Started server process [624990]
INFO:     Waiting for application startup.
2025-12-07 16:34:49,226 - app.main - INFO - Starting ElevenLabs OpenMemory Integration...
2025-12-07 16:34:49,227 - app.main - INFO - Configuration validated successfully
INFO:     Application startup complete.
INFO:     Will watch for changes in these directories: ['/home/ubuntu/12022025/elaoms']
INFO:     Uvicorn running on http://0.0.0.0:8000 (Press CTRL+C to quit)
INFO:     Started reloader process [15213] using StatReload
INFO:     Started server process [15252]
INFO:     Waiting for application startup.
2025-12-08 12:06:51,730 - app.main - INFO - Starting ElevenLabs OpenMemory Integration...
2025-12-08 12:06:51,731 - app.main - INFO - Configuration validated successfully
INFO:     Application startup complete.
INFO:     127.0.0.1:52944 - "GET / HTTP/1.1" 200 OK
INFO:     127.0.0.1:52944 - "GET /favicon.ico HTTP/1.1" 404 Not Found
INFO:     127.0.0.1:52960 - "GET /docs HTTP/1.1" 200 OK
INFO:     127.0.0.1:52960 - "GET /openapi.json HTTP/1.1" 200 OK
INFO:     127.0.0.1:52966 - "GET /health HTTP/1.1" 200 OK
INFO:     127.0.0.1:57314 - "GET /health HTTP/1.1" 200 OK
INFO:     127.0.0.1:58298 - "GET /docs HTTP/1.1" 200 OK
INFO:     127.0.0.1:58298 - "GET /openapi.json HTTP/1.1" 200 OK
INFO:     127.0.0.1:58298 - "GET /docs HTTP/1.1" 200 OK
INFO:     127.0.0.1:58298 - "GET /openapi.json HTTP/1.1" 200 OK
INFO:     192.145.247.124:0 - "GET / HTTP/1.1" 200 OK
INFO:     192.145.247.124:0 - "GET /favicon.ico HTTP/1.1" 404 Not Found
INFO:     192.145.247.124:0 - "GET /health HTTP/1.1" 200 OK
2025-12-08 12:09:49,764 - app.webhooks.client_data - INFO - Client-data webhook called for caller: +16129782029
2025-12-08 12:09:49,811 - httpx - INFO - HTTP Request: GET http://localhost:8080/users/%2B16129782029/summary "HTTP/1.1 200 OK"
2025-12-08 12:09:49,967 - httpx - INFO - HTTP Request: POST http://localhost:8080/memory/query "HTTP/1.1 200 OK"
2025-12-08 12:09:49,968 - app.webhooks.client_data - INFO - Found profile for caller +16129782029: Stefan
2025-12-08 12:09:49,968 - app.webhooks.client_data - INFO - Returning client-data response: {'dynamic_variables': {'user_name': 'Stefan', 'last_call_summary': 'Last time we talked about: Key Life Event: The user took a road trip to California in the 1950s, before high school. He remembers going through the mountains and the desert.'}, 'conversation_config_override': {'agent': {'first_message': "Hello Stefan, it's Margaret again. It's so good to hear your voice. I'm looking forward to continuing our journey through your life stories. What would you like to share today?"}}}
INFO:     34.59.11.47:0 - "POST /webhook/client-data HTTP/1.1" 200 OK
2025-12-08 12:10:49,837 - app.webhooks.post_call - INFO - Post-call webhook received: type=post_call_transcription, conversation_id=conv_8801kbzjfhjheeqvf1h5m0tm5d4s
INFO:     34.59.11.47:0 - "POST /webhook/post-call HTTP/1.1" 200 OK
2025-12-08 12:10:49,838 - app.webhooks.post_call - INFO - Background processing webhook: type=post_call_transcription, conversation_id=conv_8801kbzjfhjheeqvf1h5m0tm5d4s
2025-12-08 12:10:49,840 - app.webhooks.post_call - INFO - Saved transcription to payloads/conv_8801kbzjfhjheeqvf1h5m0tm5d4s/conv_8801kbzjfhjheeqvf1h5m0tm5d4s_transcription.json
2025-12-08 12:10:49,840 - app.webhooks.post_call - INFO - Processing memories for caller: +16129782029
2025-12-08 12:10:49,877 - httpx - INFO - HTTP Request: POST http://localhost:8080/memory/add "HTTP/1.1 200 OK"
2025-12-08 12:10:49,888 - httpx - INFO - HTTP Request: POST http://localhost:8080/memory/add "HTTP/1.1 200 OK"
2025-12-08 12:10:49,896 - httpx - INFO - HTTP Request: POST http://localhost:8080/memory/add "HTTP/1.1 200 OK"
2025-12-08 12:10:49,904 - httpx - INFO - HTTP Request: POST http://localhost:8080/memory/add "HTTP/1.1 200 OK"
2025-12-08 12:10:49,904 - app.memory.extraction - INFO - Stored 4 conversation memories for +16129782029
2025-12-08 12:10:49,904 - app.webhooks.post_call - INFO - Stored 4 conversation memories for +16129782029
2025-12-08 12:10:49,904 - app.webhooks.post_call - INFO - Completed transcription processing for conv_8801kbzjfhjheeqvf1h5m0tm5d4s
2025-12-08 12:10:50,575 - app.webhooks.post_call - INFO - Post-call webhook received: type=post_call_audio, conversation_id=conv_8801kbzjfhjheeqvf1h5m0tm5d4s
INFO:     34.59.11.47:0 - "POST /webhook/post-call HTTP/1.1" 200 OK
2025-12-08 12:10:50,576 - app.webhooks.post_call - INFO - Background processing webhook: type=post_call_audio, conversation_id=conv_8801kbzjfhjheeqvf1h5m0tm5d4s
2025-12-08 12:10:50,579 - app.webhooks.post_call - INFO - Saved audio to payloads/conv_8801kbzjfhjheeqvf1h5m0tm5d4s/conv_8801kbzjfhjheeqvf1h5m0tm5d4s_audio.mp3
2025-12-08 12:10:50,579 - app.webhooks.post_call - INFO - Completed audio processing for conv_8801kbzjfhjheeqvf1h5m0tm5d4s
WARNING:  StatReload detected changes in 'app/memory/profiles.py'. Reloading...
INFO:     Shutting down
INFO:     Waiting for application shutdown.
2025-12-08 12:24:27,054 - app.main - INFO - Shutting down ElevenLabs OpenMemory Integration...
INFO:     Application shutdown complete.
INFO:     Finished server process [15252]
INFO:     Started server process [53521]
INFO:     Waiting for application startup.
2025-12-08 12:24:27,735 - app.main - INFO - Starting ElevenLabs OpenMemory Integration...
2025-12-08 12:24:27,737 - app.main - INFO - Configuration validated successfully
INFO:     Application startup complete.
2025-12-08 14:04:37,077 - app.webhooks.client_data - INFO - Client-data webhook called for caller: +16129782029
2025-12-08 14:04:37,117 - httpx - INFO - HTTP Request: GET http://localhost:8080/users/%2B16129782029/summary "HTTP/1.1 200 OK"
2025-12-08 14:04:37,236 - httpx - INFO - HTTP Request: POST http://localhost:8080/memory/query "HTTP/1.1 200 OK"
2025-12-08 14:04:37,236 - app.webhooks.client_data - INFO - Found profile for caller +16129782029: Stefan
2025-12-08 14:04:37,237 - app.webhooks.client_data - INFO - Returning client-data response: {'dynamic_variables': {'user_name': 'Stefan', 'last_call_summary': 'Last time we talked about: Key Life Event: The user took a road trip to California in the 1950s, before high school. He remembers going through the mountains and the desert.'}, 'conversation_config_override': {'agent': {'first_message': "Hello Stefan, it's Margaret again. So nice to have you back. What's on your mind today?"}}}
INFO:     34.59.11.47:0 - "POST /webhook/client-data HTTP/1.1" 200 OK
2025-12-08 14:04:48,586 - app.webhooks.post_call - INFO - Post-call webhook received: type=post_call_transcription, conversation_id=conv_0201kbzs1rjnf5jrp5mb3rw81nrk
INFO:     34.59.11.47:0 - "POST /webhook/post-call HTTP/1.1" 200 OK
2025-12-08 14:04:48,587 - app.webhooks.post_call - INFO - Background processing webhook: type=post_call_transcription, conversation_id=conv_0201kbzs1rjnf5jrp5mb3rw81nrk
2025-12-08 14:04:48,588 - app.webhooks.post_call - INFO - Saved transcription to payloads/conv_0201kbzs1rjnf5jrp5mb3rw81nrk/conv_0201kbzs1rjnf5jrp5mb3rw81nrk_transcription.json
2025-12-08 14:04:48,588 - app.webhooks.post_call - INFO - Processing memories for caller: +16129782029
2025-12-08 14:04:48,588 - app.webhooks.post_call - INFO - Completed transcription processing for conv_0201kbzs1rjnf5jrp5mb3rw81nrk
2025-12-08 14:04:48,734 - app.webhooks.post_call - INFO - Post-call webhook received: type=post_call_audio, conversation_id=conv_0201kbzs1rjnf5jrp5mb3rw81nrk
INFO:     34.59.11.47:0 - "POST /webhook/post-call HTTP/1.1" 200 OK
2025-12-08 14:04:48,734 - app.webhooks.post_call - INFO - Background processing webhook: type=post_call_audio, conversation_id=conv_0201kbzs1rjnf5jrp5mb3rw81nrk
2025-12-08 14:04:48,735 - app.webhooks.post_call - INFO - Saved audio to payloads/conv_0201kbzs1rjnf5jrp5mb3rw81nrk/conv_0201kbzs1rjnf5jrp5mb3rw81nrk_audio.mp3
2025-12-08 14:04:48,735 - app.webhooks.post_call - INFO - Completed audio processing for conv_0201kbzs1rjnf5jrp5mb3rw81nrk
INFO:     127.0.0.1:39218 - "GET /health HTTP/1.1" 200 OK
INFO:     127.0.0.1:39218 - "GET /docs HTTP/1.1" 200 OK
INFO:     127.0.0.1:39218 - "GET /openapi.json HTTP/1.1" 200 OK
